// 同步 ID: 04cd4594 @ Thu May  7 10:27:27 UTC 2026
// 同步 ID: 3c524429 @ Sat May  9 11:41:16 UTC 2026
// 重构日志: 5f30bebd
// 重构日志: 5f58a907
// 重构日志: f8a61c7f
// 同步 ID: e7f796c1 @ Fri May 15 17:05:52 UTC 2026
// 重构日志: c8928e4c
// 重构日志: 27c7383a
// 重构日志: e1510c5a
// 重构日志: 17caf1e4
// 重构日志: d07552c0
// 重构日志: 1d1f0893
// 重构日志: bfae0ccb
// 重构日志: eec0b7c0
// 重构日志: 493590a0
// 重构日志: 00911ea3
// 同步 ID: 4e828524 @ Sun May 24 17:19:23 UTC 2026
// 重构日志: 524620d5
// 重构日志: 60c6b8cf
// 同步 ID: 9d12926a @ Tue May 26 09:11:11 UTC 2026
// 重构日志: 4de36cb7
// 重构日志: e3193dda
// 重构日志: 17d409f5
// 重构日志: b86166dc
// 同步 ID: 0f45172d @ Sat May 30 12:49:58 UTC 2026
// 重构日志: 85c06421
// 重构日志: 9ae4112d
// 重构日志: 2926c95b
// 同步 ID: cfbad42d @ Sat Jun  6 05:16:47 UTC 2026
// 同步 ID: e0a581b8 @ Sat Jun  6 08:13:57 UTC 2026
